# JRE version: OpenJDK Runtime Environment Temurin-17.0.8.1+1 (17.0.8.1+1) (build 17.0.8.1+1)
# Java VM: OpenJDK 64-Bit Server VM Temurin-17.0.8.1+1 (17.0.8.1+1, mixed mode, tiered, compressed oops, compressed class ptrs, parallel gc, windows-amd64)
GC Precious Log:
 CPUs: 2 total, 2 available
 Memory: 12154M
 Large Page Support: Disabled
 NUMA Support: Disabled
 Compressed Oops: Enabled (32-bit)
 Alignments: Space 512K, Generation 512K, Heap 2M
 Heap Min Capacity: 100M
 Heap Initial Capacity: 100M
 Heap Max Capacity: 1G
 Pre-touch: Disabled
 Parallel Workers: 2
Heap:
 PSYoungGen      total 2048K, used 166K [0x00000000eab00000, 0x00000000eae80000, 0x0000000100000000)
  eden space 1536K, 2% used [0x00000000eab00000,0x00000000eab09ae0,0x00000000eac80000)
  from space 512K, 25% used [0x00000000eae00000,0x00000000eae20000,0x00000000eae80000)
  to   space 512K, 0% used [0x00000000eac80000,0x00000000eac80000,0x00000000ead00000)
 ParOldGen       total 157696K, used 125940K [0x00000000c0000000, 0x00000000c9a00000, 0x00000000eab00000)
  object space 157696K, 79% used [0x00000000c0000000,0x00000000c7afd0f8,0x00000000c9a00000)
 Metaspace       used 97653K, committed 98880K, reserved 1179648K
  class space    used 9874K, committed 10496K, reserved 1048576K
GC Heap History (20 events):
Event: 12736.311 GC heap before
{Heap before GC invocations=12876 (full 361):
 PSYoungGen      total 2560K, used 2303K [0x00000000eab00000, 0x00000000eaf00000, 0x0000000100000000)
  eden space 2048K, 99% used [0x00000000eab00000,0x00000000eacffff8,0x00000000ead00000)
  from space 512K, 50% used [0x00000000eae80000,0x00000000eaec0000,0x00000000eaf00000)
  to   space 512K, 0% used [0x00000000eae00000,0x00000000eae00000,0x00000000eae80000)
 ParOldGen       total 165888K, used 161859K [0x00000000c0000000, 0x00000000ca200000, 0x00000000eab00000)
  object space 165888K, 97% used [0x00000000c0000000,0x00000000c9e10ec0,0x00000000ca200000)
 Metaspace       used 97651K, committed 98880K, reserved 1179648K
  class space    used 9874K, committed 10496K, reserved 1048576K
}
Event: 12736.313 GC heap after
{Heap after GC invocations=12876 (full 361):
 PSYoungGen      total 2560K, used 64K [0x00000000eab00000, 0x00000000eaf00000, 0x0000000100000000)
  eden space 2048K, 0% used [0x00000000eab00000,0x00000000eab00000,0x00000000ead00000)
  from space 512K, 12% used [0x00000000eae00000,0x00000000eae10000,0x00000000eae80000)
  to   space 512K, 0% used [0x00000000eae80000,0x00000000eae80000,0x00000000eaf00000)
 ParOldGen       total 165888K, used 162051K [0x00000000c0000000, 0x00000000ca200000, 0x00000000eab00000)
  object space 165888K, 97% used [0x00000000c0000000,0x00000000c9e40ec0,0x00000000ca200000)
 Metaspace       used 97651K, committed 98880K, reserved 1179648K
  class space    used 9874K, committed 10496K, reserved 1048576K
}
Event: 12736.322 GC heap before
{Heap before GC invocations=12877 (full 361):
 PSYoungGen      total 2560K, used 2112K [0x00000000eab00000, 0x00000000eaf00000, 0x0000000100000000)
  eden space 2048K, 100% used [0x00000000eab00000,0x00000000ead00000,0x00000000ead00000)
  from space 512K, 12% used [0x00000000eae00000,0x00000000eae10000,0x00000000eae80000)
  to   space 512K, 0% used [0x00000000eae80000,0x00000000eae80000,0x00000000eaf00000)
 ParOldGen       total 165888K, used 162051K [0x00000000c0000000, 0x00000000ca200000, 0x00000000eab00000)
  object space 165888K, 97% used [0x00000000c0000000,0x00000000c9e40ec0,0x00000000ca200000)
 Metaspace       used 97651K, committed 98880K, reserved 1179648K
  class space    used 9874K, committed 10496K, reserved 1048576K
}
Event: 12736.324 GC heap after
{Heap after GC invocations=12877 (full 361):
 PSYoungGen      total 2560K, used 320K [0x00000000eab00000, 0x00000000eaf00000, 0x0000000100000000)
  eden space 2048K, 0% used [0x00000000eab00000,0x00000000eab00000,0x00000000ead00000)
  from space 512K, 62% used [0x00000000eae80000,0x00000000eaed0000,0x00000000eaf00000)
  to   space 512K, 0% used [0x00000000eae00000,0x00000000eae00000,0x00000000eae80000)
 ParOldGen       total 165888K, used 162067K [0x00000000c0000000, 0x00000000ca200000, 0x00000000eab00000)
  object space 165888K, 97% used [0x00000000c0000000,0x00000000c9e44ec0,0x00000000ca200000)
 Metaspace       used 97651K, committed 98880K, reserved 1179648K
  class space    used 9874K, committed 10496K, reserved 1048576K
}
Event: 12736.339 GC heap before
{Heap before GC invocations=12878 (full 361):
 PSYoungGen      total 2560K, used 2367K [0x00000000eab00000, 0x00000000eaf00000, 0x0000000100000000)
  eden space 2048K, 99% used [0x00000000eab00000,0x00000000eacfff80,0x00000000ead00000)
  from space 512K, 62% used [0x00000000eae80000,0x00000000eaed0000,0x00000000eaf00000)
  to   space 512K, 0% used [0x00000000eae00000,0x00000000eae00000,0x00000000eae80000)
 ParOldGen       total 165888K, used 162067K [0x00000000c0000000, 0x00000000ca200000, 0x00000000eab00000)
  object space 165888K, 97% used [0x00000000c0000000,0x00000000c9e44ec0,0x00000000ca200000)
 Metaspace       used 97651K, committed 98880K, reserved 1179648K
  class space    used 9874K, committed 10496K, reserved 1048576K
}
Event: 12736.342 GC heap after
{Heap after GC invocations=12878 (full 361):
 PSYoungGen      total 2560K, used 512K [0x00000000eab00000, 0x00000000eaf00000, 0x0000000100000000)
  eden space 2048K, 0% used [0x00000000eab00000,0x00000000eab00000,0x00000000ead00000)
  from space 512K, 100% used [0x00000000eae00000,0x00000000eae80000,0x00000000eae80000)
  to   space 512K, 0% used [0x00000000eae80000,0x00000000eae80000,0x00000000eaf00000)
 ParOldGen       total 165888K, used 162392K [0x00000000c0000000, 0x00000000ca200000, 0x00000000eab00000)
  object space 165888K, 97% used [0x00000000c0000000,0x00000000c9e96380,0x00000000ca200000)
 Metaspace       used 97651K, committed 98880K, reserved 1179648K
  class space    used 9874K, committed 10496K, reserved 1048576K
}
Event: 12736.456 GC heap before
{Heap before GC invocations=12879 (full 361):
 PSYoungGen      total 2560K, used 2556K [0x00000000eab00000, 0x00000000eaf00000, 0x0000000100000000)
  eden space 2048K, 99% used [0x00000000eab00000,0x00000000eacff3f0,0x00000000ead00000)
  from space 512K, 100% used [0x00000000eae00000,0x00000000eae80000,0x00000000eae80000)
  to   space 512K, 0% used [0x00000000eae80000,0x00000000eae80000,0x00000000eaf00000)
 ParOldGen       total 165888K, used 163842K [0x00000000c0000000, 0x00000000ca200000, 0x00000000eab00000)
  object space 165888K, 98% used [0x00000000c0000000,0x00000000ca0008b0,0x00000000ca200000)
 Metaspace       used 97651K, committed 98880K, reserved 1179648K
  class space    used 9874K, committed 10496K, reserved 1048576K
}
Event: 12736.459 GC heap after
{Heap after GC invocations=12879 (full 361):
 PSYoungGen      total 2560K, used 501K [0x00000000eab00000, 0x00000000eb000000, 0x0000000100000000)
  eden space 2048K, 0% used [0x00000000eab00000,0x00000000eab00000,0x00000000ead00000)
  from space 512K, 97% used [0x00000000eae80000,0x00000000eaefd478,0x00000000eaf00000)
  to   space 1536K, 0% used [0x00000000ead00000,0x00000000ead00000,0x00000000eae80000)
 ParOldGen       total 165888K, used 164405K [0x00000000c0000000, 0x00000000ca200000, 0x00000000eab00000)
  object space 165888K, 99% used [0x00000000c0000000,0x00000000ca08d770,0x00000000ca200000)
 Metaspace       used 97651K, committed 98880K, reserved 1179648K
  class space    used 9874K, committed 10496K, reserved 1048576K
}
Event: 12736.472 GC heap before
{Heap before GC invocations=12880 (full 362):
 PSYoungGen      total 2560K, used 2549K [0x00000000eab00000, 0x00000000eb000000, 0x0000000100000000)
  eden space 2048K, 100% used [0x00000000eab00000,0x00000000ead00000,0x00000000ead00000)
  from space 512K, 97% used [0x00000000eae80000,0x00000000eaefd478,0x00000000eaf00000)
  to   space 1536K, 0% used [0x00000000ead00000,0x00000000ead00000,0x00000000eae80000)
 ParOldGen       total 165888K, used 165855K [0x00000000c0000000, 0x00000000ca200000, 0x00000000eab00000)
  object space 165888K, 99% used [0x00000000c0000000,0x00000000ca1f7ca0,0x00000000ca200000)
 Metaspace       used 97651K, committed 98880K, reserved 1179648K
  class space    used 9874K, committed 10496K, reserved 1048576K
}
Event: 12736.784 GC heap after
{Heap after GC invocations=12880 (full 362):
 PSYoungGen      total 3584K, used 0K [0x00000000eab00000, 0x00000000eb000000, 0x0000000100000000)
  eden space 2048K, 0% used [0x00000000eab00000,0x00000000eab00000,0x00000000ead00000)
  from space 1536K, 0% used [0x00000000ead00000,0x00000000ead00000,0x00000000eae80000)
  to   space 1536K, 0% used [0x00000000eae80000,0x00000000eae80000,0x00000000eb000000)
 ParOldGen       total 157696K, used 122573K [0x00000000c0000000, 0x00000000c9a00000, 0x00000000eab00000)
  object space 157696K, 77% used [0x00000000c0000000,0x00000000c77b3660,0x00000000c9a00000)
 Metaspace       used 97651K, committed 98880K, reserved 1179648K
  class space    used 9874K, committed 10496K, reserved 1048576K
}
Event: 12736.789 GC heap before
{Heap before GC invocations=12881 (full 362):
 PSYoungGen      total 3584K, used 2026K [0x00000000eab00000, 0x00000000eb000000, 0x0000000100000000)
  eden space 2048K, 98% used [0x00000000eab00000,0x00000000eacfa8d0,0x00000000ead00000)
  from space 1536K, 0% used [0x00000000ead00000,0x00000000ead00000,0x00000000eae80000)
  to   space 1536K, 0% used [0x00000000eae80000,0x00000000eae80000,0x00000000eb000000)
 ParOldGen       total 157696K, used 122573K [0x00000000c0000000, 0x00000000c9a00000, 0x00000000eab00000)
  object space 157696K, 77% used [0x00000000c0000000,0x00000000c77b3660,0x00000000c9a00000)
 Metaspace       used 97651K, committed 98880K, reserved 1179648K
  class space    used 9874K, committed 10496K, reserved 1048576K
}
Event: 12736.791 GC heap after
{Heap after GC invocations=12881 (full 362):
 PSYoungGen      total 3072K, used 1513K [0x00000000eab00000, 0x00000000eb100000, 0x0000000100000000)
  eden space 1536K, 0% used [0x00000000eab00000,0x00000000eab00000,0x00000000eac80000)
  from space 1536K, 98% used [0x00000000eae80000,0x00000000eaffa530,0x00000000eb000000)
  to   space 2048K, 0% used [0x00000000eac80000,0x00000000eac80000,0x00000000eae80000)
 ParOldGen       total 157696K, used 122940K [0x00000000c0000000, 0x00000000c9a00000, 0x00000000eab00000)
  object space 157696K, 77% used [0x00000000c0000000,0x00000000c780f210,0x00000000c9a00000)
 Metaspace       used 97651K, committed 98880K, reserved 1179648K
  class space    used 9874K, committed 10496K, reserved 1048576K
}
Event: 12736.796 GC heap before
{Heap before GC invocations=12882 (full 362):
 PSYoungGen      total 3072K, used 3049K [0x00000000eab00000, 0x00000000eb100000, 0x0000000100000000)
  eden space 1536K, 100% used [0x00000000eab00000,0x00000000eac80000,0x00000000eac80000)
  from space 1536K, 98% used [0x00000000eae80000,0x00000000eaffa530,0x00000000eb000000)
  to   space 2048K, 0% used [0x00000000eac80000,0x00000000eac80000,0x00000000eae80000)
 ParOldGen       total 157696K, used 122940K [0x00000000c0000000, 0x00000000c9a00000, 0x00000000eab00000)
  object space 157696K, 77% used [0x00000000c0000000,0x00000000c780f210,0x00000000c9a00000)
 Metaspace       used 97651K, committed 98880K, reserved 1179648K
  class space    used 9874K, committed 10496K, reserved 1048576K
}
Event: 12736.797 GC heap after
{Heap after GC invocations=12882 (full 362):
 PSYoungGen      total 2048K, used 245K [0x00000000eab00000, 0x00000000eaf00000, 0x0000000100000000)
  eden space 1536K, 0% used [0x00000000eab00000,0x00000000eab00000,0x00000000eac80000)
  from space 512K, 47% used [0x00000000eac80000,0x00000000eacbd478,0x00000000ead00000)
  to   space 1024K, 0% used [0x00000000eae00000,0x00000000eae00000,0x00000000eaf00000)
 ParOldGen       total 157696K, used 122948K [0x00000000c0000000, 0x00000000c9a00000, 0x00000000eab00000)
  object space 157696K, 77% used [0x00000000c0000000,0x00000000c7811210,0x00000000c9a00000)
 Metaspace       used 97651K, committed 98880K, reserved 1179648K
  class space    used 9874K, committed 10496K, reserved 1048576K
}
Event: 12736.808 GC heap before
{Heap before GC invocations=12883 (full 362):
 PSYoungGen      total 2048K, used 1673K [0x00000000eab00000, 0x00000000eaf00000, 0x0000000100000000)
  eden space 1536K, 92% used [0x00000000eab00000,0x00000000eac651c8,0x00000000eac80000)
  from space 512K, 47% used [0x00000000eac80000,0x00000000eacbd478,0x00000000ead00000)
  to   space 1024K, 0% used [0x00000000eae00000,0x00000000eae00000,0x00000000eaf00000)
 ParOldGen       total 157696K, used 124397K [0x00000000c0000000, 0x00000000c9a00000, 0x00000000eab00000)
  object space 157696K, 78% used [0x00000000c0000000,0x00000000c797b740,0x00000000c9a00000)
 Metaspace       used 97651K, committed 98880K, reserved 1179648K
  class space    used 9874K, committed 10496K, reserved 1048576K
}
Event: 12736.810 GC heap after
{Heap after GC invocations=12883 (full 362):
 PSYoungGen      total 2048K, used 288K [0x00000000eab00000, 0x00000000eae80000, 0x0000000100000000)
  eden space 1536K, 0% used [0x00000000eab00000,0x00000000eab00000,0x00000000eac80000)
  from space 512K, 56% used [0x00000000eae00000,0x00000000eae48110,0x00000000eae80000)
  to   space 512K, 0% used [0x00000000eac80000,0x00000000eac80000,0x00000000ead00000)
 ParOldGen       total 157696K, used 124413K [0x00000000c0000000, 0x00000000c9a00000, 0x00000000eab00000)
  object space 157696K, 78% used [0x00000000c0000000,0x00000000c797f740,0x00000000c9a00000)
 Metaspace       used 97651K, committed 98880K, reserved 1179648K
  class space    used 9874K, committed 10496K, reserved 1048576K
}
Event: 12736.852 GC heap before
{Heap before GC invocations=12884 (full 362):
 PSYoungGen      total 2048K, used 1822K [0x00000000eab00000, 0x00000000eae80000, 0x0000000100000000)
  eden space 1536K, 99% used [0x00000000eab00000,0x00000000eac7f7f8,0x00000000eac80000)
  from space 512K, 56% used [0x00000000eae00000,0x00000000eae48110,0x00000000eae80000)
  to   space 512K, 0% used [0x00000000eac80000,0x00000000eac80000,0x00000000ead00000)
 ParOldGen       total 157696K, used 125863K [0x00000000c0000000, 0x00000000c9a00000, 0x00000000eab00000)
  object space 157696K, 79% used [0x00000000c0000000,0x00000000c7ae9c70,0x00000000c9a00000)
 Metaspace       used 97653K, committed 98880K, reserved 1179648K
  class space    used 9874K, committed 10496K, reserved 1048576K
}
Event: 12736.853 GC heap after
{Heap after GC invocations=12884 (full 362):
 PSYoungGen      total 2048K, used 149K [0x00000000eab00000, 0x00000000eae80000, 0x0000000100000000)
  eden space 1536K, 0% used [0x00000000eab00000,0x00000000eab00000,0x00000000eac80000)
  from space 512K, 29% used [0x00000000eac80000,0x00000000eaca5478,0x00000000ead00000)
  to   space 512K, 0% used [0x00000000eae00000,0x00000000eae00000,0x00000000eae80000)
 ParOldGen       total 157696K, used 125871K [0x00000000c0000000, 0x00000000c9a00000, 0x00000000eab00000)
  object space 157696K, 79% used [0x00000000c0000000,0x00000000c7aebc70,0x00000000c9a00000)
 Metaspace       used 97653K, committed 98880K, reserved 1179648K
  class space    used 9874K, committed 10496K, reserved 1048576K
}
Event: 12736.873 GC heap before
{Heap before GC invocations=12885 (full 362):
 PSYoungGen      total 2048K, used 1685K [0x00000000eab00000, 0x00000000eae80000, 0x0000000100000000)
  eden space 1536K, 100% used [0x00000000eab00000,0x00000000eac80000,0x00000000eac80000)
  from space 512K, 29% used [0x00000000eac80000,0x00000000eaca5478,0x00000000ead00000)
  to   space 512K, 0% used [0x00000000eae00000,0x00000000eae00000,0x00000000eae80000)
 ParOldGen       total 157696K, used 125871K [0x00000000c0000000, 0x00000000c9a00000, 0x00000000eab00000)
  object space 157696K, 79% used [0x00000000c0000000,0x00000000c7aebc70,0x00000000c9a00000)
 Metaspace       used 97653K, committed 98880K, reserved 1179648K
  class space    used 9874K, committed 10496K, reserved 1048576K
}
Event: 12736.875 GC heap after
{Heap after GC invocations=12885 (full 362):
 PSYoungGen      total 2048K, used 128K [0x00000000eab00000, 0x00000000eae80000, 0x0000000100000000)
  eden space 1536K, 0% used [0x00000000eab00000,0x00000000eab00000,0x00000000eac80000)
  from space 512K, 25% used [0x00000000eae00000,0x00000000eae20000,0x00000000eae80000)
  to   space 512K, 0% used [0x00000000eac80000,0x00000000eac80000,0x00000000ead00000)
 ParOldGen       total 157696K, used 125940K [0x00000000c0000000, 0x00000000c9a00000, 0x00000000eab00000)
  object space 157696K, 79% used [0x00000000c0000000,0x00000000c7afd0f8,0x00000000c9a00000)
 Metaspace       used 97653K, committed 98880K, reserved 1179648K
  class space    used 9874K, committed 10496K, reserved 1048576K
}

